{"C:\\Users\\Stefy\\Desktop\\fs cafe\\questions\\1.js": {"path":"C:\\Users\\Stefy\\Desktop\\fs cafe\\questions\\1.js","statementMap":{"0":{"start":{"line":4,"column":14},"end":{"line":8,"column":1}},"1":{"start":{"line":9,"column":0},"end":{"line":9,"column":22}},"2":{"start":{"line":10,"column":0},"end":{"line":10,"column":25}},"3":{"start":{"line":11,"column":0},"end":{"line":11,"column":25}},"4":{"start":{"line":14,"column":0},"end":{"line":14,"column":22}}},"fnMap":{},"branchMap":{},"s":{"0":1,"1":1,"2":1,"3":1,"4":1},"f":{},"b":{},"_coverageSchema":"1a1c01bbd47fc00a2c39e90264f33305004495a9","hash":"5d8b68f9f81db10fac6572a578de03bf8519a0cf"}
,"C:\\Users\\Stefy\\Desktop\\fs cafe\\questions\\10.js": {"path":"C:\\Users\\Stefy\\Desktop\\fs cafe\\questions\\10.js","statementMap":{"0":{"start":{"line":5,"column":4},"end":{"line":5,"column":17}},"1":{"start":{"line":8,"column":2},"end":{"line":8,"column":36}},"2":{"start":{"line":9,"column":2},"end":{"line":9,"column":39}},"3":{"start":{"line":11,"column":2},"end":{"line":11,"column":21}}},"fnMap":{"0":{"name":"add","decl":{"start":{"line":4,"column":9},"end":{"line":4,"column":12}},"loc":{"start":{"line":4,"column":19},"end":{"line":6,"column":3}},"line":4}},"branchMap":{},"s":{"0":4,"1":1,"2":1,"3":1},"f":{"0":4},"b":{},"_coverageSchema":"1a1c01bbd47fc00a2c39e90264f33305004495a9","hash":"c02024a2f3a736c9f5ab88a5b2a4266a3ccae372"}
,"C:\\Users\\Stefy\\Desktop\\fs cafe\\questions\\11.js": {"path":"C:\\Users\\Stefy\\Desktop\\fs cafe\\questions\\11.js","statementMap":{"0":{"start":{"line":9,"column":2},"end":{"line":9,"column":15}},"1":{"start":{"line":12,"column":1},"end":{"line":12,"column":12}},"2":{"start":{"line":15,"column":14},"end":{"line":15,"column":28}},"3":{"start":{"line":16,"column":14},"end":{"line":16,"column":29}},"4":{"start":{"line":17,"column":0},"end":{"line":17,"column":11}},"5":{"start":{"line":18,"column":0},"end":{"line":18,"column":12}},"6":{"start":{"line":19,"column":0},"end":{"line":19,"column":23}},"7":{"start":{"line":21,"column":0},"end":{"line":21,"column":22}}},"fnMap":{"0":{"name":"makeAdder","decl":{"start":{"line":3,"column":9},"end":{"line":3,"column":18}},"loc":{"start":{"line":3,"column":22},"end":{"line":13,"column":1}},"line":3},"1":{"name":"add","decl":{"start":{"line":8,"column":10},"end":{"line":8,"column":13}},"loc":{"start":{"line":8,"column":17},"end":{"line":10,"column":2}},"line":8}},"branchMap":{},"s":{"0":4,"1":2,"2":1,"3":1,"4":1,"5":1,"6":1,"7":1},"f":{"0":2,"1":4},"b":{},"_coverageSchema":"1a1c01bbd47fc00a2c39e90264f33305004495a9","hash":"709a131e5ca62adccbf64105754eb652b3302852"}
,"C:\\Users\\Stefy\\Desktop\\fs cafe\\questions\\12.js": {"path":"C:\\Users\\Stefy\\Desktop\\fs cafe\\questions\\12.js","statementMap":{"0":{"start":{"line":4,"column":14},"end":{"line":4,"column":37}},"1":{"start":{"line":5,"column":15},"end":{"line":5,"column":41}},"2":{"start":{"line":6,"column":0},"end":{"line":6,"column":20}},"3":{"start":{"line":8,"column":0},"end":{"line":8,"column":21}}},"fnMap":{},"branchMap":{},"s":{"0":1,"1":1,"2":1,"3":1},"f":{},"b":{},"_coverageSchema":"1a1c01bbd47fc00a2c39e90264f33305004495a9","hash":"cd21e81bd10668b2cf593aec19a9468b7246e55e"}
,"C:\\Users\\Stefy\\Desktop\\fs cafe\\questions\\13.js": {"path":"C:\\Users\\Stefy\\Desktop\\fs cafe\\questions\\13.js","statementMap":{"0":{"start":{"line":4,"column":19},"end":{"line":19,"column":3}},"1":{"start":{"line":6,"column":4},"end":{"line":16,"column":20}},"2":{"start":{"line":7,"column":6},"end":{"line":7,"column":20}},"3":{"start":{"line":8,"column":6},"end":{"line":15,"column":7}},"4":{"start":{"line":8,"column":19},"end":{"line":8,"column":20}},"5":{"start":{"line":9,"column":8},"end":{"line":14,"column":9}},"6":{"start":{"line":10,"column":21},"end":{"line":10,"column":33}},"7":{"start":{"line":11,"column":10},"end":{"line":11,"column":34}},"8":{"start":{"line":12,"column":10},"end":{"line":12,"column":26}},"9":{"start":{"line":13,"column":10},"end":{"line":13,"column":23}},"10":{"start":{"line":18,"column":4},"end":{"line":18,"column":17}},"11":{"start":{"line":21,"column":2},"end":{"line":21,"column":42}},"12":{"start":{"line":23,"column":2},"end":{"line":23,"column":27}}},"fnMap":{"0":{"name":"(anonymous_0)","decl":{"start":{"line":4,"column":19},"end":{"line":4,"column":20}},"loc":{"start":{"line":4,"column":35},"end":{"line":19,"column":3}},"line":4}},"branchMap":{"0":{"loc":{"start":{"line":9,"column":8},"end":{"line":14,"column":9}},"type":"if","locations":[{"start":{"line":9,"column":8},"end":{"line":14,"column":9}},{"start":{},"end":{}}],"line":9}},"s":{"0":1,"1":2,"2":6,"3":6,"4":6,"5":39,"6":8,"7":8,"8":8,"9":8,"10":2,"11":1,"12":1},"f":{"0":2},"b":{"0":[8,31]},"_coverageSchema":"1a1c01bbd47fc00a2c39e90264f33305004495a9","hash":"96ac387bb3eea2b6a917d8a395fcfd965412cf6b"}
,"C:\\Users\\Stefy\\Desktop\\fs cafe\\questions\\14.js": {"path":"C:\\Users\\Stefy\\Desktop\\fs cafe\\questions\\14.js","statementMap":{"0":{"start":{"line":10,"column":4},"end":{"line":12,"column":5}},"1":{"start":{"line":11,"column":6},"end":{"line":11,"column":28}},"2":{"start":{"line":17,"column":4},"end":{"line":21,"column":5}},"3":{"start":{"line":17,"column":17},"end":{"line":17,"column":18}},"4":{"start":{"line":18,"column":6},"end":{"line":20,"column":7}},"5":{"start":{"line":19,"column":8},"end":{"line":19,"column":20}},"6":{"start":{"line":24,"column":4},"end":{"line":24,"column":17}},"7":{"start":{"line":28,"column":2},"end":{"line":28,"column":32}},"8":{"start":{"line":29,"column":0},"end":{"line":29,"column":42}},"9":{"start":{"line":30,"column":2},"end":{"line":30,"column":29}}},"fnMap":{"0":{"name":"lucky_sevens","decl":{"start":{"line":7,"column":9},"end":{"line":7,"column":21}},"loc":{"start":{"line":7,"column":27},"end":{"line":26,"column":3}},"line":7}},"branchMap":{"0":{"loc":{"start":{"line":10,"column":4},"end":{"line":12,"column":5}},"type":"if","locations":[{"start":{"line":10,"column":4},"end":{"line":12,"column":5}},{"start":{},"end":{}}],"line":10},"1":{"loc":{"start":{"line":18,"column":6},"end":{"line":20,"column":7}},"type":"if","locations":[{"start":{"line":18,"column":6},"end":{"line":20,"column":7}},{"start":{},"end":{}}],"line":18}},"s":{"0":3,"1":0,"2":3,"3":3,"4":6,"5":3,"6":0,"7":1,"8":1,"9":1},"f":{"0":3},"b":{"0":[0,3],"1":[3,3]},"_coverageSchema":"1a1c01bbd47fc00a2c39e90264f33305004495a9","hash":"6e1f271fe2900feee01ce9d3150880dfe2947d4f"}
,"C:\\Users\\Stefy\\Desktop\\fs cafe\\questions\\15.js": {"path":"C:\\Users\\Stefy\\Desktop\\fs cafe\\questions\\15.js","statementMap":{"0":{"start":{"line":14,"column":4},"end":{"line":14,"column":19}},"1":{"start":{"line":18,"column":0},"end":{"line":18,"column":21}},"2":{"start":{"line":19,"column":0},"end":{"line":19,"column":33}},"3":{"start":{"line":21,"column":0},"end":{"line":21,"column":31}}},"fnMap":{"0":{"name":"simpleClockAngle","decl":{"start":{"line":8,"column":9},"end":{"line":8,"column":25}},"loc":{"start":{"line":8,"column":31},"end":{"line":16,"column":1}},"line":8}},"branchMap":{},"s":{"0":3,"1":1,"2":1,"3":1},"f":{"0":3},"b":{},"_coverageSchema":"1a1c01bbd47fc00a2c39e90264f33305004495a9","hash":"c249a4e4c981e99649037888425f1c9624f5690d"}
,"C:\\Users\\Stefy\\Desktop\\fs cafe\\questions\\16.js": {"path":"C:\\Users\\Stefy\\Desktop\\fs cafe\\questions\\16.js","statementMap":{"0":{"start":{"line":9,"column":14},"end":{"line":9,"column":15}},"1":{"start":{"line":11,"column":4},"end":{"line":17,"column":5}},"2":{"start":{"line":11,"column":17},"end":{"line":11,"column":18}},"3":{"start":{"line":13,"column":6},"end":{"line":16,"column":7}},"4":{"start":{"line":13,"column":19},"end":{"line":13,"column":20}},"5":{"start":{"line":15,"column":8},"end":{"line":15,"column":25}},"6":{"start":{"line":19,"column":4},"end":{"line":19,"column":15}},"7":{"start":{"line":22,"column":0},"end":{"line":22,"column":34}},"8":{"start":{"line":23,"column":0},"end":{"line":23,"column":46}},"9":{"start":{"line":25,"column":0},"end":{"line":25,"column":24}}},"fnMap":{"0":{"name":"sum_array","decl":{"start":{"line":7,"column":9},"end":{"line":7,"column":18}},"loc":{"start":{"line":7,"column":24},"end":{"line":20,"column":3}},"line":7}},"branchMap":{},"s":{"0":3,"1":3,"2":3,"3":9,"4":9,"5":15,"6":3,"7":1,"8":1,"9":1},"f":{"0":3},"b":{},"_coverageSchema":"1a1c01bbd47fc00a2c39e90264f33305004495a9","hash":"217345c7035192437f2c142ca229d3f435a2fd76"}
,"C:\\Users\\Stefy\\Desktop\\fs cafe\\questions\\17.js": {"path":"C:\\Users\\Stefy\\Desktop\\fs cafe\\questions\\17.js","statementMap":{"0":{"start":{"line":11,"column":17},"end":{"line":11,"column":19}},"1":{"start":{"line":13,"column":4},"end":{"line":21,"column":5}},"2":{"start":{"line":13,"column":17},"end":{"line":13,"column":20}},"3":{"start":{"line":16,"column":6},"end":{"line":16,"column":21}},"4":{"start":{"line":19,"column":6},"end":{"line":19,"column":47}},"5":{"start":{"line":19,"column":25},"end":{"line":19,"column":45}},"6":{"start":{"line":24,"column":4},"end":{"line":24,"column":18}},"7":{"start":{"line":28,"column":2},"end":{"line":28,"column":23}},"8":{"start":{"line":29,"column":2},"end":{"line":29,"column":35}},"9":{"start":{"line":31,"column":2},"end":{"line":31,"column":30}}},"fnMap":{"0":{"name":"test_divisors","decl":{"start":{"line":7,"column":9},"end":{"line":7,"column":22}},"loc":{"start":{"line":7,"column":34},"end":{"line":26,"column":3}},"line":7}},"branchMap":{"0":{"loc":{"start":{"line":19,"column":6},"end":{"line":19,"column":47}},"type":"if","locations":[{"start":{"line":19,"column":6},"end":{"line":19,"column":47}},{"start":{},"end":{}}],"line":19}},"s":{"0":3,"1":3,"2":3,"3":27,"4":27,"5":9,"6":3,"7":1,"8":1,"9":1},"f":{"0":3},"b":{"0":[9,18]},"_coverageSchema":"1a1c01bbd47fc00a2c39e90264f33305004495a9","hash":"9eda02d88ae4259e57c6a4c8a39131ac6899f934"}
,"C:\\Users\\Stefy\\Desktop\\fs cafe\\questions\\18.js": {"path":"C:\\Users\\Stefy\\Desktop\\fs cafe\\questions\\18.js","statementMap":{"0":{"start":{"line":12,"column":22},"end":{"line":12,"column":23}},"1":{"start":{"line":15,"column":4},"end":{"line":23,"column":5}},"2":{"start":{"line":15,"column":17},"end":{"line":15,"column":18}},"3":{"start":{"line":19,"column":6},"end":{"line":21,"column":7}},"4":{"start":{"line":20,"column":8},"end":{"line":20,"column":30}},"5":{"start":{"line":25,"column":4},"end":{"line":25,"column":23}},"6":{"start":{"line":29,"column":2},"end":{"line":29,"column":31}},"7":{"start":{"line":35,"column":4},"end":{"line":40,"column":7}},"8":{"start":{"line":36,"column":8},"end":{"line":38,"column":9}},"9":{"start":{"line":37,"column":12},"end":{"line":37,"column":33}},"10":{"start":{"line":39,"column":8},"end":{"line":39,"column":21}},"11":{"start":{"line":43,"column":2},"end":{"line":43,"column":43}},"12":{"start":{"line":44,"column":2},"end":{"line":44,"column":44}},"13":{"start":{"line":45,"column":2},"end":{"line":45,"column":28}},"14":{"start":{"line":46,"column":2},"end":{"line":46,"column":29}}},"fnMap":{"0":{"name":"oddball_sum","decl":{"start":{"line":9,"column":9},"end":{"line":9,"column":20}},"loc":{"start":{"line":9,"column":27},"end":{"line":27,"column":3}},"line":9},"1":{"name":"oddballs_sum","decl":{"start":{"line":34,"column":11},"end":{"line":34,"column":23}},"loc":{"start":{"line":34,"column":30},"end":{"line":41,"column":3}},"line":34},"2":{"name":"(anonymous_2)","decl":{"start":{"line":35,"column":23},"end":{"line":35,"column":24}},"loc":{"start":{"line":35,"column":44},"end":{"line":40,"column":5}},"line":35}},"branchMap":{"0":{"loc":{"start":{"line":19,"column":6},"end":{"line":21,"column":7}},"type":"if","locations":[{"start":{"line":19,"column":6},"end":{"line":21,"column":7}},{"start":{},"end":{}}],"line":19},"1":{"loc":{"start":{"line":36,"column":8},"end":{"line":38,"column":9}},"type":"if","locations":[{"start":{"line":36,"column":8},"end":{"line":38,"column":9}},{"start":{},"end":{}}],"line":36}},"s":{"0":2,"1":2,"2":2,"3":10,"4":6,"5":2,"6":1,"7":3,"8":12,"9":6,"10":6,"11":1,"12":1,"13":1,"14":1},"f":{"0":2,"1":3,"2":12},"b":{"0":[6,4],"1":[6,6]},"_coverageSchema":"1a1c01bbd47fc00a2c39e90264f33305004495a9","hash":"f501d81d09d4164f525c12f0676df348b7409122"}
,"C:\\Users\\Stefy\\Desktop\\fs cafe\\questions\\19.js": {"path":"C:\\Users\\Stefy\\Desktop\\fs cafe\\questions\\19.js","statementMap":{"0":{"start":{"line":6,"column":12},"end":{"line":10,"column":3}},"1":{"start":{"line":7,"column":4},"end":{"line":9,"column":21}},"2":{"start":{"line":8,"column":6},"end":{"line":8,"column":24}},"3":{"start":{"line":13,"column":18},"end":{"line":21,"column":3}},"4":{"start":{"line":14,"column":17},"end":{"line":14,"column":29}},"5":{"start":{"line":16,"column":4},"end":{"line":18,"column":5}},"6":{"start":{"line":16,"column":17},"end":{"line":16,"column":18}},"7":{"start":{"line":17,"column":6},"end":{"line":17,"column":25}},"8":{"start":{"line":20,"column":4},"end":{"line":20,"column":18}},"9":{"start":{"line":23,"column":2},"end":{"line":23,"column":33}},"10":{"start":{"line":24,"column":2},"end":{"line":24,"column":39}},"11":{"start":{"line":26,"column":2},"end":{"line":26,"column":20}},"12":{"start":{"line":27,"column":2},"end":{"line":27,"column":26}}},"fnMap":{"0":{"name":"(anonymous_0)","decl":{"start":{"line":6,"column":12},"end":{"line":6,"column":13}},"loc":{"start":{"line":6,"column":29},"end":{"line":10,"column":3}},"line":6},"1":{"name":"(anonymous_1)","decl":{"start":{"line":7,"column":24},"end":{"line":7,"column":25}},"loc":{"start":{"line":7,"column":45},"end":{"line":9,"column":5}},"line":7},"2":{"name":"(anonymous_2)","decl":{"start":{"line":13,"column":18},"end":{"line":13,"column":19}},"loc":{"start":{"line":13,"column":35},"end":{"line":21,"column":3}},"line":13}},"branchMap":{},"s":{"0":1,"1":0,"2":0,"3":1,"4":2,"5":2,"6":2,"7":10,"8":2,"9":1,"10":1,"11":1,"12":1},"f":{"0":0,"1":0,"2":2},"b":{},"_coverageSchema":"1a1c01bbd47fc00a2c39e90264f33305004495a9","hash":"02c3a4432da7e95c503b0a535e8aec99ddb7f3b0"}
,"C:\\Users\\Stefy\\Desktop\\fs cafe\\questions\\2.js": {"path":"C:\\Users\\Stefy\\Desktop\\fs cafe\\questions\\2.js","statementMap":{"0":{"start":{"line":5,"column":12},"end":{"line":9,"column":1}},"1":{"start":{"line":11,"column":0},"end":{"line":11,"column":20}},"2":{"start":{"line":12,"column":0},"end":{"line":12,"column":19}},"3":{"start":{"line":13,"column":0},"end":{"line":13,"column":23}},"4":{"start":{"line":15,"column":0},"end":{"line":15,"column":19}}},"fnMap":{},"branchMap":{},"s":{"0":1,"1":1,"2":1,"3":1,"4":1},"f":{},"b":{},"_coverageSchema":"1a1c01bbd47fc00a2c39e90264f33305004495a9","hash":"218d87f141353e9d9190ecac9f9869c0097fd0dc"}
,"C:\\Users\\Stefy\\Desktop\\fs cafe\\questions\\20.js": {"path":"C:\\Users\\Stefy\\Desktop\\fs cafe\\questions\\20.js","statementMap":{"0":{"start":{"line":7,"column":0},"end":{"line":9,"column":4}},"1":{"start":{"line":8,"column":4},"end":{"line":8,"column":60}}},"fnMap":{"0":{"name":"(anonymous_0)","decl":{"start":{"line":7,"column":17},"end":{"line":7,"column":18}},"loc":{"start":{"line":7,"column":33},"end":{"line":9,"column":3}},"line":7}},"branchMap":{"0":{"loc":{"start":{"line":8,"column":11},"end":{"line":8,"column":59}},"type":"binary-expr","locations":[{"start":{"line":8,"column":11},"end":{"line":8,"column":32}},{"start":{"line":8,"column":36},"end":{"line":8,"column":59}}],"line":8}},"s":{"0":1,"1":1},"f":{"0":1},"b":{"0":[1,1]},"_coverageSchema":"1a1c01bbd47fc00a2c39e90264f33305004495a9","hash":"59661ff438cf46396d6c796106a4d45f29483a1b"}
,"C:\\Users\\Stefy\\Desktop\\fs cafe\\questions\\21.js": {"path":"C:\\Users\\Stefy\\Desktop\\fs cafe\\questions\\21.js","statementMap":{"0":{"start":{"line":5,"column":0},"end":{"line":11,"column":3}},"1":{"start":{"line":6,"column":14},"end":{"line":6,"column":20}},"2":{"start":{"line":7,"column":4},"end":{"line":9,"column":5}},"3":{"start":{"line":7,"column":17},"end":{"line":7,"column":18}},"4":{"start":{"line":8,"column":6},"end":{"line":8,"column":38}},"5":{"start":{"line":10,"column":3},"end":{"line":10,"column":16}}},"fnMap":{"0":{"name":"fib","decl":{"start":{"line":5,"column":26},"end":{"line":5,"column":29}},"loc":{"start":{"line":5,"column":32},"end":{"line":11,"column":3}},"line":5}},"branchMap":{},"s":{"0":1,"1":1,"2":1,"3":1,"4":3,"5":1},"f":{"0":1},"b":{},"_coverageSchema":"1a1c01bbd47fc00a2c39e90264f33305004495a9","hash":"a2ec7056a9adf9880b595beb4c94c76369b401f4"}
,"C:\\Users\\Stefy\\Desktop\\fs cafe\\questions\\22.js": {"path":"C:\\Users\\Stefy\\Desktop\\fs cafe\\questions\\22.js","statementMap":{"0":{"start":{"line":4,"column":0},"end":{"line":9,"column":3}},"1":{"start":{"line":5,"column":4},"end":{"line":7,"column":5}},"2":{"start":{"line":6,"column":6},"end":{"line":6,"column":14}},"3":{"start":{"line":8,"column":4},"end":{"line":8,"column":47}}},"fnMap":{"0":{"name":"fibonacci","decl":{"start":{"line":4,"column":24},"end":{"line":4,"column":33}},"loc":{"start":{"line":4,"column":37},"end":{"line":9,"column":3}},"line":4}},"branchMap":{"0":{"loc":{"start":{"line":5,"column":4},"end":{"line":7,"column":5}},"type":"if","locations":[{"start":{"line":5,"column":4},"end":{"line":7,"column":5}},{"start":{},"end":{}}],"line":5}},"s":{"0":1,"1":30,"2":16,"3":14},"f":{"0":30},"b":{"0":[16,14]},"_coverageSchema":"1a1c01bbd47fc00a2c39e90264f33305004495a9","hash":"e4b9957386c068beadc789e4d1ee93ae89a88245"}
,"C:\\Users\\Stefy\\Desktop\\fs cafe\\questions\\3.js": {"path":"C:\\Users\\Stefy\\Desktop\\fs cafe\\questions\\3.js","statementMap":{"0":{"start":{"line":6,"column":0},"end":{"line":6,"column":22}},"1":{"start":{"line":8,"column":10},"end":{"line":8,"column":18}},"2":{"start":{"line":9,"column":0},"end":{"line":9,"column":22}},"3":{"start":{"line":11,"column":10},"end":{"line":11,"column":12}},"4":{"start":{"line":12,"column":0},"end":{"line":12,"column":22}},"5":{"start":{"line":14,"column":10},"end":{"line":14,"column":14}},"6":{"start":{"line":15,"column":0},"end":{"line":15,"column":22}},"7":{"start":{"line":17,"column":10},"end":{"line":17,"column":14}},"8":{"start":{"line":18,"column":0},"end":{"line":18,"column":22}},"9":{"start":{"line":20,"column":10},"end":{"line":20,"column":19}},"10":{"start":{"line":21,"column":0},"end":{"line":21,"column":22}},"11":{"start":{"line":23,"column":8},"end":{"line":23,"column":15}},"12":{"start":{"line":24,"column":0},"end":{"line":24,"column":22}},"13":{"start":{"line":25,"column":0},"end":{"line":25,"column":17}}},"fnMap":{},"branchMap":{},"s":{"0":1,"1":1,"2":1,"3":1,"4":1,"5":1,"6":1,"7":1,"8":1,"9":1,"10":1,"11":1,"12":1,"13":1},"f":{},"b":{},"_coverageSchema":"1a1c01bbd47fc00a2c39e90264f33305004495a9","hash":"6a54d601e7ec5bbc56d28007a2bde38bb8dc7c4f"}
,"C:\\Users\\Stefy\\Desktop\\fs cafe\\questions\\4.js": {"path":"C:\\Users\\Stefy\\Desktop\\fs cafe\\questions\\4.js","statementMap":{"0":{"start":{"line":7,"column":12},"end":{"line":7,"column":16}},"1":{"start":{"line":8,"column":12},"end":{"line":8,"column":14}},"2":{"start":{"line":9,"column":4},"end":{"line":9,"column":11}},"3":{"start":{"line":10,"column":4},"end":{"line":10,"column":12}},"4":{"start":{"line":11,"column":4},"end":{"line":11,"column":24}},"5":{"start":{"line":12,"column":4},"end":{"line":12,"column":25}},"6":{"start":{"line":15,"column":0},"end":{"line":15,"column":17}},"7":{"start":{"line":16,"column":0},"end":{"line":16,"column":19}}},"fnMap":{},"branchMap":{},"s":{"0":1,"1":1,"2":1,"3":1,"4":1,"5":1,"6":1,"7":1},"f":{},"b":{},"_coverageSchema":"1a1c01bbd47fc00a2c39e90264f33305004495a9","hash":"fd243482e09efb4a31ba72ff7b9e29fdc52bab95"}
,"C:\\Users\\Stefy\\Desktop\\fs cafe\\questions\\5.js": {"path":"C:\\Users\\Stefy\\Desktop\\fs cafe\\questions\\5.js","statementMap":{"0":{"start":{"line":6,"column":4},"end":{"line":8,"column":7}},"1":{"start":{"line":6,"column":16},"end":{"line":6,"column":17}},"2":{"start":{"line":7,"column":8},"end":{"line":7,"column":39}},"3":{"start":{"line":7,"column":30},"end":{"line":7,"column":39}},"4":{"start":{"line":9,"column":6},"end":{"line":9,"column":16}},"5":{"start":{"line":12,"column":0},"end":{"line":12,"column":52}},"6":{"start":{"line":13,"column":0},"end":{"line":13,"column":28}}},"fnMap":{"0":{"name":"linearSearch","decl":{"start":{"line":5,"column":9},"end":{"line":5,"column":21}},"loc":{"start":{"line":5,"column":34},"end":{"line":10,"column":1}},"line":5}},"branchMap":{"0":{"loc":{"start":{"line":7,"column":8},"end":{"line":7,"column":39}},"type":"if","locations":[{"start":{"line":7,"column":8},"end":{"line":7,"column":39}},{"start":{},"end":{}}],"line":7}},"s":{"0":2,"1":2,"2":8,"3":2,"4":0,"5":1,"6":1},"f":{"0":2},"b":{"0":[2,6]},"_coverageSchema":"1a1c01bbd47fc00a2c39e90264f33305004495a9","hash":"757d55c6ca15fb821421b12d0680f6df0ffae77a"}
,"C:\\Users\\Stefy\\Desktop\\fs cafe\\questions\\6.js": {"path":"C:\\Users\\Stefy\\Desktop\\fs cafe\\questions\\6.js","statementMap":{"0":{"start":{"line":4,"column":21},"end":{"line":20,"column":1}},"1":{"start":{"line":6,"column":14},"end":{"line":6,"column":15}},"2":{"start":{"line":7,"column":14},"end":{"line":7,"column":30}},"3":{"start":{"line":9,"column":4},"end":{"line":17,"column":6}},"4":{"start":{"line":10,"column":8},"end":{"line":10,"column":43}},"5":{"start":{"line":11,"column":1},"end":{"line":16,"column":21}},"6":{"start":{"line":12,"column":5},"end":{"line":12,"column":18}},"7":{"start":{"line":13,"column":6},"end":{"line":16,"column":21}},"8":{"start":{"line":14,"column":5},"end":{"line":14,"column":21}},"9":{"start":{"line":16,"column":5},"end":{"line":16,"column":21}},"10":{"start":{"line":19,"column":5},"end":{"line":19,"column":15}},"11":{"start":{"line":22,"column":0},"end":{"line":22,"column":46}},"12":{"start":{"line":23,"column":0},"end":{"line":23,"column":28}}},"fnMap":{"0":{"name":"(anonymous_0)","decl":{"start":{"line":4,"column":21},"end":{"line":4,"column":22}},"loc":{"start":{"line":4,"column":44},"end":{"line":20,"column":1}},"line":4}},"branchMap":{"0":{"loc":{"start":{"line":11,"column":1},"end":{"line":16,"column":21}},"type":"if","locations":[{"start":{"line":11,"column":1},"end":{"line":16,"column":21}},{"start":{"line":13,"column":6},"end":{"line":16,"column":21}}],"line":11},"1":{"loc":{"start":{"line":13,"column":6},"end":{"line":16,"column":21}},"type":"if","locations":[{"start":{"line":13,"column":6},"end":{"line":16,"column":21}},{"start":{"line":16,"column":5},"end":{"line":16,"column":21}}],"line":13}},"s":{"0":1,"1":2,"2":2,"3":2,"4":0,"5":0,"6":0,"7":0,"8":0,"9":0,"10":2,"11":1,"12":1},"f":{"0":2},"b":{"0":[0,0],"1":[0,0]},"_coverageSchema":"1a1c01bbd47fc00a2c39e90264f33305004495a9","hash":"be9c53d10e0a4943f743a8b3d57cfc35f34e96c4"}
,"C:\\Users\\Stefy\\Desktop\\fs cafe\\questions\\7.js": {"path":"C:\\Users\\Stefy\\Desktop\\fs cafe\\questions\\7.js","statementMap":{"0":{"start":{"line":4,"column":28},"end":{"line":36,"column":1}},"1":{"start":{"line":7,"column":2},"end":{"line":9,"column":3}},"2":{"start":{"line":8,"column":4},"end":{"line":8,"column":14}},"3":{"start":{"line":11,"column":12},"end":{"line":11,"column":13}},"4":{"start":{"line":12,"column":13},"end":{"line":12,"column":29}},"5":{"start":{"line":13,"column":2},"end":{"line":32,"column":3}},"6":{"start":{"line":16,"column":14},"end":{"line":16,"column":96}},"7":{"start":{"line":20,"column":4},"end":{"line":20,"column":40}},"8":{"start":{"line":22,"column":4},"end":{"line":24,"column":5}},"9":{"start":{"line":23,"column":6},"end":{"line":23,"column":17}},"10":{"start":{"line":26,"column":4},"end":{"line":30,"column":5}},"11":{"start":{"line":27,"column":6},"end":{"line":27,"column":21}},"12":{"start":{"line":29,"column":6},"end":{"line":29,"column":20}},"13":{"start":{"line":35,"column":2},"end":{"line":35,"column":12}},"14":{"start":{"line":38,"column":0},"end":{"line":38,"column":44}},"15":{"start":{"line":39,"column":0},"end":{"line":39,"column":36}}},"fnMap":{"0":{"name":"(anonymous_0)","decl":{"start":{"line":4,"column":28},"end":{"line":4,"column":29}},"loc":{"start":{"line":4,"column":44},"end":{"line":36,"column":1}},"line":4}},"branchMap":{"0":{"loc":{"start":{"line":7,"column":2},"end":{"line":9,"column":3}},"type":"if","locations":[{"start":{"line":7,"column":2},"end":{"line":9,"column":3}},{"start":{},"end":{}}],"line":7},"1":{"loc":{"start":{"line":13,"column":9},"end":{"line":13,"column":61}},"type":"binary-expr","locations":[{"start":{"line":13,"column":9},"end":{"line":13,"column":20}},{"start":{"line":13,"column":24},"end":{"line":13,"column":41}},{"start":{"line":13,"column":45},"end":{"line":13,"column":61}}],"line":13},"2":{"loc":{"start":{"line":20,"column":10},"end":{"line":20,"column":39}},"type":"cond-expr","locations":[{"start":{"line":20,"column":30},"end":{"line":20,"column":33}},{"start":{"line":20,"column":36},"end":{"line":20,"column":39}}],"line":20},"3":{"loc":{"start":{"line":22,"column":4},"end":{"line":24,"column":5}},"type":"if","locations":[{"start":{"line":22,"column":4},"end":{"line":24,"column":5}},{"start":{},"end":{}}],"line":22},"4":{"loc":{"start":{"line":26,"column":4},"end":{"line":30,"column":5}},"type":"if","locations":[{"start":{"line":26,"column":4},"end":{"line":30,"column":5}},{"start":{"line":28,"column":11},"end":{"line":30,"column":5}}],"line":26}},"s":{"0":1,"1":2,"2":2,"3":0,"4":0,"5":0,"6":0,"7":0,"8":0,"9":0,"10":0,"11":0,"12":0,"13":0,"14":1,"15":1},"f":{"0":2},"b":{"0":[2,0],"1":[0,0,0],"2":[0,0],"3":[0,0],"4":[0,0]},"_coverageSchema":"1a1c01bbd47fc00a2c39e90264f33305004495a9","hash":"35e7c6a056477941b89ad77efa723378ce02b3b9"}
,"C:\\Users\\Stefy\\Desktop\\fs cafe\\questions\\8.js": {"path":"C:\\Users\\Stefy\\Desktop\\fs cafe\\questions\\8.js","statementMap":{"0":{"start":{"line":6,"column":18},"end":{"line":6,"column":44}},"1":{"start":{"line":7,"column":15},"end":{"line":7,"column":45}},"2":{"start":{"line":8,"column":17},"end":{"line":8,"column":42}},"3":{"start":{"line":9,"column":21},"end":{"line":9,"column":22}},"4":{"start":{"line":10,"column":4},"end":{"line":17,"column":5}},"5":{"start":{"line":12,"column":6},"end":{"line":12,"column":24}},"6":{"start":{"line":13,"column":6},"end":{"line":13,"column":19}},"7":{"start":{"line":14,"column":6},"end":{"line":16,"column":7}},"8":{"start":{"line":15,"column":8},"end":{"line":15,"column":18}},"9":{"start":{"line":19,"column":21},"end":{"line":19,"column":44}},"10":{"start":{"line":20,"column":4},"end":{"line":26,"column":5}},"11":{"start":{"line":22,"column":6},"end":{"line":22,"column":19}},"12":{"start":{"line":23,"column":6},"end":{"line":25,"column":7}},"13":{"start":{"line":24,"column":8},"end":{"line":24,"column":18}},"14":{"start":{"line":27,"column":4},"end":{"line":29,"column":5}},"15":{"start":{"line":28,"column":7},"end":{"line":28,"column":25}},"16":{"start":{"line":30,"column":4},"end":{"line":30,"column":14}},"17":{"start":{"line":33,"column":2},"end":{"line":33,"column":92}},"18":{"start":{"line":35,"column":2},"end":{"line":35,"column":27}}},"fnMap":{"0":{"name":"jumpSearch","decl":{"start":{"line":5,"column":9},"end":{"line":5,"column":19}},"loc":{"start":{"line":5,"column":49},"end":{"line":31,"column":3}},"line":5}},"branchMap":{"0":{"loc":{"start":{"line":6,"column":18},"end":{"line":6,"column":44}},"type":"binary-expr","locations":[{"start":{"line":6,"column":18},"end":{"line":6,"column":39}},{"start":{"line":6,"column":43},"end":{"line":6,"column":44}}],"line":6},"1":{"loc":{"start":{"line":14,"column":6},"end":{"line":16,"column":7}},"type":"if","locations":[{"start":{"line":14,"column":6},"end":{"line":16,"column":7}},{"start":{},"end":{}}],"line":14},"2":{"loc":{"start":{"line":23,"column":6},"end":{"line":25,"column":7}},"type":"if","locations":[{"start":{"line":23,"column":6},"end":{"line":25,"column":7}},{"start":{},"end":{}}],"line":23},"3":{"loc":{"start":{"line":27,"column":4},"end":{"line":29,"column":5}},"type":"if","locations":[{"start":{"line":27,"column":4},"end":{"line":29,"column":5}},{"start":{},"end":{}}],"line":27}},"s":{"0":2,"1":2,"2":2,"3":2,"4":2,"5":6,"6":6,"7":6,"8":2,"9":0,"10":0,"11":0,"12":0,"13":0,"14":0,"15":0,"16":0,"17":1,"18":1},"f":{"0":2},"b":{"0":[2,0],"1":[2,4],"2":[0,0],"3":[0,0]},"_coverageSchema":"1a1c01bbd47fc00a2c39e90264f33305004495a9","hash":"a058e234767f9e83ef3571146261215a47570c58"}
,"C:\\Users\\Stefy\\Desktop\\fs cafe\\questions\\9.js": {"path":"C:\\Users\\Stefy\\Desktop\\fs cafe\\questions\\9.js","statementMap":{"0":{"start":{"line":4,"column":14},"end":{"line":4,"column":40}},"1":{"start":{"line":6,"column":34},"end":{"line":8,"column":1}},"2":{"start":{"line":7,"column":4},"end":{"line":7,"column":49}},"3":{"start":{"line":7,"column":29},"end":{"line":7,"column":47}},"4":{"start":{"line":9,"column":0},"end":{"line":9,"column":33}},"5":{"start":{"line":11,"column":0},"end":{"line":11,"column":46}},"6":{"start":{"line":12,"column":0},"end":{"line":12,"column":41}}},"fnMap":{"0":{"name":"(anonymous_0)","decl":{"start":{"line":6,"column":34},"end":{"line":6,"column":35}},"loc":{"start":{"line":6,"column":50},"end":{"line":8,"column":1}},"line":6},"1":{"name":"(anonymous_1)","decl":{"start":{"line":7,"column":21},"end":{"line":7,"column":22}},"loc":{"start":{"line":7,"column":29},"end":{"line":7,"column":47}},"line":7}},"branchMap":{},"s":{"0":1,"1":1,"2":3,"3":9,"4":1,"5":1,"6":1},"f":{"0":3,"1":9},"b":{},"_coverageSchema":"1a1c01bbd47fc00a2c39e90264f33305004495a9","hash":"43d49032087abaad25b4562ceade79d25094d9b8"}
}
