TN:
SF:questions\1.js
FNF:0
FNH:0
DA:4,1
DA:9,1
DA:10,1
DA:11,1
DA:14,1
LF:5
LH:5
BRF:0
BRH:0
end_of_record
TN:
SF:questions\10.js
FN:4,add
FNF:1
FNH:1
FNDA:4,add
DA:5,4
DA:8,1
DA:9,1
DA:11,1
LF:4
LH:4
BRF:0
BRH:0
end_of_record
TN:
SF:questions\11.js
FN:3,makeAdder
FN:8,add
FNF:2
FNH:2
FNDA:2,makeAdder
FNDA:4,add
DA:9,4
DA:12,2
DA:15,1
DA:16,1
DA:17,1
DA:18,1
DA:19,1
DA:21,1
LF:8
LH:8
BRF:0
BRH:0
end_of_record
TN:
SF:questions\12.js
FNF:0
FNH:0
DA:4,1
DA:5,1
DA:6,1
DA:8,1
LF:4
LH:4
BRF:0
BRH:0
end_of_record
TN:
SF:questions\13.js
FN:4,(anonymous_0)
FNF:1
FNH:1
FNDA:2,(anonymous_0)
DA:4,1
DA:6,2
DA:7,6
DA:8,6
DA:9,39
DA:10,8
DA:11,8
DA:12,8
DA:13,8
DA:18,2
DA:21,1
DA:23,1
LF:12
LH:12
BRDA:9,0,0,8
BRDA:9,0,1,31
BRF:2
BRH:2
end_of_record
TN:
SF:questions\14.js
FN:7,lucky_sevens
FNF:1
FNH:1
FNDA:3,lucky_sevens
DA:10,3
DA:11,0
DA:17,3
DA:18,6
DA:19,3
DA:24,0
DA:28,1
DA:29,1
DA:30,1
LF:9
LH:7
BRDA:10,0,0,0
BRDA:10,0,1,3
BRDA:18,1,0,3
BRDA:18,1,1,3
BRF:4
BRH:3
end_of_record
TN:
SF:questions\15.js
FN:8,simpleClockAngle
FNF:1
FNH:1
FNDA:3,simpleClockAngle
DA:14,3
DA:18,1
DA:19,1
DA:21,1
LF:4
LH:4
BRF:0
BRH:0
end_of_record
TN:
SF:questions\16.js
FN:7,sum_array
FNF:1
FNH:1
FNDA:3,sum_array
DA:9,3
DA:11,3
DA:13,9
DA:15,15
DA:19,3
DA:22,1
DA:23,1
DA:25,1
LF:8
LH:8
BRF:0
BRH:0
end_of_record
TN:
SF:questions\17.js
FN:7,test_divisors
FNF:1
FNH:1
FNDA:3,test_divisors
DA:11,3
DA:13,3
DA:16,27
DA:19,27
DA:24,3
DA:28,1
DA:29,1
DA:31,1
LF:8
LH:8
BRDA:19,0,0,9
BRDA:19,0,1,18
BRF:2
BRH:2
end_of_record
TN:
SF:questions\18.js
FN:9,oddball_sum
FN:34,oddballs_sum
FN:35,(anonymous_2)
FNF:3
FNH:3
FNDA:2,oddball_sum
FNDA:3,oddballs_sum
FNDA:12,(anonymous_2)
DA:12,2
DA:15,2
DA:19,10
DA:20,6
DA:25,2
DA:29,1
DA:35,3
DA:36,12
DA:37,6
DA:39,6
DA:43,1
DA:44,1
DA:45,1
DA:46,1
LF:14
LH:14
BRDA:19,0,0,6
BRDA:19,0,1,4
BRDA:36,1,0,6
BRDA:36,1,1,6
BRF:4
BRH:4
end_of_record
TN:
SF:questions\19.js
FN:6,(anonymous_0)
FN:7,(anonymous_1)
FN:13,(anonymous_2)
FNF:3
FNH:1
FNDA:0,(anonymous_0)
FNDA:0,(anonymous_1)
FNDA:2,(anonymous_2)
DA:6,1
DA:7,0
DA:8,0
DA:13,1
DA:14,2
DA:16,2
DA:17,10
DA:20,2
DA:23,1
DA:24,1
DA:26,1
DA:27,1
LF:12
LH:10
BRF:0
BRH:0
end_of_record
TN:
SF:questions\2.js
FNF:0
FNH:0
DA:5,1
DA:11,1
DA:12,1
DA:13,1
DA:15,1
LF:5
LH:5
BRF:0
BRH:0
end_of_record
TN:
SF:questions\20.js
FN:7,(anonymous_0)
FNF:1
FNH:1
FNDA:1,(anonymous_0)
DA:7,1
DA:8,1
LF:2
LH:2
BRDA:8,0,0,1
BRDA:8,0,1,1
BRF:2
BRH:2
end_of_record
TN:
SF:questions\21.js
FN:5,fib
FNF:1
FNH:1
FNDA:1,fib
DA:5,1
DA:6,1
DA:7,1
DA:8,3
DA:10,1
LF:5
LH:5
BRF:0
BRH:0
end_of_record
TN:
SF:questions\22.js
FN:4,fibonacci
FNF:1
FNH:1
FNDA:30,fibonacci
DA:4,1
DA:5,30
DA:6,16
DA:8,14
LF:4
LH:4
BRDA:5,0,0,16
BRDA:5,0,1,14
BRF:2
BRH:2
end_of_record
TN:
SF:questions\23.js
FN:11,(anonymous_0)
FNF:1
FNH:1
FNDA:3,(anonymous_0)
DA:11,1
DA:13,3
DA:16,12
DA:18,12
DA:20,9
DA:23,12
DA:26,3
DA:29,1
DA:30,1
LF:9
LH:9
BRF:0
BRH:0
end_of_record
TN:
SF:questions\24.js
FN:13,reverseBySeparator
FNF:1
FNH:1
FNDA:2,reverseBySeparator
DA:5,1
DA:8,1
DA:11,1
DA:14,2
DA:17,1
LF:5
LH:5
BRF:0
BRH:0
end_of_record
TN:
SF:questions\25.js
FN:12,findMissingNumber
FNF:1
FNH:1
FNDA:1,findMissingNumber
DA:6,1
DA:7,1
DA:8,1
DA:10,1
DA:14,1
DA:15,1
DA:16,8
DA:23,1
DA:24,1
DA:26,1
DA:28,1
DA:31,1
LF:12
LH:12
BRF:0
BRH:0
end_of_record
TN:
SF:questions\26.js
FN:8,uniqueArray
FNF:1
FNH:1
FNDA:1,uniqueArray
DA:4,1
DA:6,1
DA:9,1
DA:10,1
DA:12,1
DA:14,10
DA:15,6
DA:16,6
DA:20,1
DA:23,1
LF:10
LH:10
BRDA:14,0,0,6
BRDA:14,0,1,4
BRF:2
BRH:2
end_of_record
TN:
SF:questions\3.js
FNF:0
FNH:0
DA:6,1
DA:8,1
DA:9,1
DA:11,1
DA:12,1
DA:14,1
DA:15,1
DA:17,1
DA:18,1
DA:20,1
DA:21,1
DA:23,1
DA:24,1
DA:25,1
LF:14
LH:14
BRF:0
BRH:0
end_of_record
TN:
SF:questions\4.js
FNF:0
FNH:0
DA:7,1
DA:8,1
DA:9,1
DA:10,1
DA:11,1
DA:12,1
DA:15,1
DA:16,1
LF:8
LH:8
BRF:0
BRH:0
end_of_record
TN:
SF:questions\5.js
FN:5,linearSearch
FNF:1
FNH:1
FNDA:2,linearSearch
DA:6,2
DA:7,8
DA:9,0
DA:12,1
DA:13,1
LF:5
LH:4
BRDA:7,0,0,2
BRDA:7,0,1,6
BRF:2
BRH:2
end_of_record
TN:
SF:questions\6.js
FN:4,(anonymous_0)
FNF:1
FNH:1
FNDA:2,(anonymous_0)
DA:4,1
DA:6,2
DA:7,2
DA:9,2
DA:10,0
DA:11,0
DA:12,0
DA:13,0
DA:14,0
DA:16,0
DA:19,2
DA:22,1
DA:23,1
LF:13
LH:7
BRDA:11,0,0,0
BRDA:11,0,1,0
BRDA:13,1,0,0
BRDA:13,1,1,0
BRF:4
BRH:0
end_of_record
TN:
SF:questions\7.js
FN:4,(anonymous_0)
FNF:1
FNH:1
FNDA:2,(anonymous_0)
DA:4,1
DA:7,2
DA:8,2
DA:11,0
DA:12,0
DA:13,0
DA:16,0
DA:20,0
DA:22,0
DA:23,0
DA:26,0
DA:27,0
DA:29,0
DA:35,0
DA:38,1
DA:39,1
LF:16
LH:5
BRDA:7,0,0,2
BRDA:7,0,1,0
BRDA:13,1,0,0
BRDA:13,1,1,0
BRDA:13,1,2,0
BRDA:20,2,0,0
BRDA:20,2,1,0
BRDA:22,3,0,0
BRDA:22,3,1,0
BRDA:26,4,0,0
BRDA:26,4,1,0
BRF:11
BRH:1
end_of_record
TN:
SF:questions\8.js
FN:5,jumpSearch
FNF:1
FNH:1
FNDA:2,jumpSearch
DA:6,2
DA:7,2
DA:8,2
DA:9,2
DA:10,2
DA:12,6
DA:13,6
DA:14,6
DA:15,2
DA:19,0
DA:20,0
DA:22,0
DA:23,0
DA:24,0
DA:27,0
DA:28,0
DA:30,0
DA:33,1
DA:35,1
LF:19
LH:11
BRDA:6,0,0,2
BRDA:6,0,1,0
BRDA:14,1,0,2
BRDA:14,1,1,4
BRDA:23,2,0,0
BRDA:23,2,1,0
BRDA:27,3,0,0
BRDA:27,3,1,0
BRF:8
BRH:3
end_of_record
TN:
SF:questions\9.js
FN:6,(anonymous_0)
FN:7,(anonymous_1)
FNF:2
FNH:2
FNDA:3,(anonymous_0)
FNDA:9,(anonymous_1)
DA:4,1
DA:6,1
DA:7,9
DA:9,1
DA:11,1
DA:12,1
LF:6
LH:6
BRF:0
BRH:0
end_of_record
